This file contains any messages produced by compilers while
running configure, to aid debugging if configure makes a mistake.

It was created by FULL-PACKAGE-NAME configure VERSION, which was
generated by GNU Autoconf 2.69.  Invocation command line was

  $ ./configure --no-create --no-recursion

## --------- ##
## Platform. ##
## --------- ##

hostname = csgrads1.utdallas.edu
uname -m = x86_64
uname -r = 3.10.0-693.11.6.el7.x86_64
uname -s = Linux
uname -v = #1 SMP Thu Jan 4 01:06:37 UTC 2018

/usr/bin/uname -p = x86_64
/bin/uname -X     = unknown

/bin/arch              = x86_64
/usr/bin/arch -k       = unknown
/usr/convex/getsysinfo = unknown
/usr/bin/hostinfo      = unknown
/bin/machine           = unknown
/usr/bin/oslevel       = unknown
/bin/universe          = unknown

PATH: /home/012/j/jx/jxl173630/local/bin
PATH: /usr/local/bin
PATH: /usr/bin
PATH: /bin
PATH: /usr/ccs/bin
PATH: /sbin
PATH: /usr/sbin
PATH: /usr/local/openwin/bin
PATH: /usr/openwin/bin


## ----------- ##
## Core tests. ##
## ----------- ##

configure:2079: checking for a BSD-compatible install
configure:2147: result: /usr/bin/install -c
configure:2158: checking whether build environment is sane
configure:2213: result: yes
configure:2364: checking for a thread-safe mkdir -p
configure:2403: result: /usr/bin/mkdir -p
configure:2410: checking for gawk
configure:2426: found /usr/bin/gawk
configure:2437: result: gawk
configure:2448: checking whether make sets $(MAKE)
configure:2470: result: yes
configure:2499: checking whether make supports nested variables
configure:2516: result: yes
configure:2655: checking for gcc
configure:2671: found /usr/bin/gcc
configure:2682: result: gcc
configure:2911: checking for C compiler version
configure:2920: gcc --version >&5
gcc (GCC) 4.8.5 20150623 (Red Hat 4.8.5-16)
Copyright (C) 2015 Free Software Foundation, Inc.
This is free software; see the source for copying conditions.  There is NO
warranty; not even for MERCHANTABILITY or FITNESS FOR A PARTICULAR PURPOSE.

configure:2931: $? = 0
configure:2920: gcc -v >&5
Using built-in specs.
COLLECT_GCC=gcc
COLLECT_LTO_WRAPPER=/usr/libexec/gcc/x86_64-redhat-linux/4.8.5/lto-wrapper
Target: x86_64-redhat-linux
Configured with: ../configure --prefix=/usr --mandir=/usr/share/man --infodir=/usr/share/info --with-bugurl=http://bugzilla.redhat.com/bugzilla --enable-bootstrap --enable-shared --enable-threads=posix --enable-checking=release --with-system-zlib --enable-__cxa_atexit --disable-libunwind-exceptions --enable-gnu-unique-object --enable-linker-build-id --with-linker-hash-style=gnu --enable-languages=c,c++,objc,obj-c++,java,fortran,ada,go,lto --enable-plugin --enable-initfini-array --disable-libgcj --with-isl=/builddir/build/BUILD/gcc-4.8.5-20150702/obj-x86_64-redhat-linux/isl-install --with-cloog=/builddir/build/BUILD/gcc-4.8.5-20150702/obj-x86_64-redhat-linux/cloog-install --enable-gnu-indirect-function --with-tune=generic --with-arch_32=x86-64 --build=x86_64-redhat-linux
Thread model: posix
gcc version 4.8.5 20150623 (Red Hat 4.8.5-16) (GCC) 
configure:2931: $? = 0
configure:2920: gcc -V >&5
gcc: error: unrecognized command line option '-V'
gcc: fatal error: no input files
compilation terminated.
configure:2931: $? = 4
configure:2920: gcc -qversion >&5
gcc: error: unrecognized command line option '-qversion'
gcc: fatal error: no input files
compilation terminated.
configure:2931: $? = 4
configure:2951: checking whether the C compiler works
configure:2973: gcc    conftest.c  >&5
configure:2977: $? = 0
configure:3025: result: yes
configure:3028: checking for C compiler default output file name
configure:3030: result: a.out
configure:3036: checking for suffix of executables
configure:3043: gcc -o conftest    conftest.c  >&5
configure:3047: $? = 0
configure:3069: result: 
configure:3091: checking whether we are cross compiling
configure:3099: gcc -o conftest    conftest.c  >&5
configure:3103: $? = 0
configure:3110: ./conftest
configure:3114: $? = 0
configure:3129: result: no
configure:3134: checking for suffix of object files
configure:3156: gcc -c   conftest.c >&5
configure:3160: $? = 0
configure:3181: result: o
configure:3185: checking whether we are using the GNU C compiler
configure:3204: gcc -c   conftest.c >&5
configure:3204: $? = 0
configure:3213: result: yes
configure:3222: checking whether gcc accepts -g
configure:3242: gcc -c -g  conftest.c >&5
configure:3242: $? = 0
configure:3283: result: yes
configure:3300: checking for gcc option to accept ISO C89
configure:3363: gcc  -c -g -O2  conftest.c >&5
configure:3363: $? = 0
configure:3376: result: none needed
configure:3407: checking for style of include used by make
configure:3435: result: GNU
configure:3461: checking dependency style of gcc
configure:3572: result: gcc3
configure:3630: checking for ranlib
configure:3646: found /usr/bin/ranlib
configure:3657: result: ranlib
configure:3729: checking for ar
configure:3745: found /usr/bin/ar
configure:3756: result: ar
configure:3782: checking the archiver (ar) interface
configure:3792: gcc -c -g -O2  conftest.c >&5
configure:3792: $? = 0
configure:3794: ar cru libconftest.a conftest.o >&5
configure:3797: $? = 0
configure:3820: result: ar
configure:3848: checking how to run the C preprocessor
configure:3879: gcc -E  conftest.c
configure:3879: $? = 0
configure:3893: gcc -E  conftest.c
conftest.c:11:28: fatal error: ac_nonexistent.h: No such file or directory
 #include <ac_nonexistent.h>
                            ^
compilation terminated.
configure:3893: $? = 1
configure: failed program was:
| /* confdefs.h */
| #define PACKAGE_NAME "FULL-PACKAGE-NAME"
| #define PACKAGE_TARNAME "full-package-name"
| #define PACKAGE_VERSION "VERSION"
| #define PACKAGE_STRING "FULL-PACKAGE-NAME VERSION"
| #define PACKAGE_BUGREPORT "BUG-REPORT-ADDRESS"
| #define PACKAGE_URL ""
| #define PACKAGE "full-package-name"
| #define VERSION "VERSION"
| /* end confdefs.h.  */
| #include <ac_nonexistent.h>
configure:3918: result: gcc -E
configure:3938: gcc -E  conftest.c
configure:3938: $? = 0
configure:3952: gcc -E  conftest.c
conftest.c:11:28: fatal error: ac_nonexistent.h: No such file or directory
 #include <ac_nonexistent.h>
                            ^
compilation terminated.
configure:3952: $? = 1
configure: failed program was:
| /* confdefs.h */
| #define PACKAGE_NAME "FULL-PACKAGE-NAME"
| #define PACKAGE_TARNAME "full-package-name"
| #define PACKAGE_VERSION "VERSION"
| #define PACKAGE_STRING "FULL-PACKAGE-NAME VERSION"
| #define PACKAGE_BUGREPORT "BUG-REPORT-ADDRESS"
| #define PACKAGE_URL ""
| #define PACKAGE "full-package-name"
| #define VERSION "VERSION"
| /* end confdefs.h.  */
| #include <ac_nonexistent.h>
configure:3981: checking for grep that handles long lines and -e
configure:4039: result: /usr/bin/grep
configure:4044: checking for egrep
configure:4106: result: /usr/bin/grep -E
configure:4111: checking for ANSI C header files
configure:4131: gcc -c -g -O2  conftest.c >&5
configure:4131: $? = 0
configure:4204: gcc -o conftest -g -O2   conftest.c  >&5
configure:4204: $? = 0
configure:4204: ./conftest
configure:4204: $? = 0
configure:4215: result: yes
configure:4228: checking for sys/types.h
configure:4228: gcc -c -g -O2  conftest.c >&5
configure:4228: $? = 0
configure:4228: result: yes
configure:4228: checking for sys/stat.h
configure:4228: gcc -c -g -O2  conftest.c >&5
configure:4228: $? = 0
configure:4228: result: yes
configure:4228: checking for stdlib.h
configure:4228: gcc -c -g -O2  conftest.c >&5
configure:4228: $? = 0
configure:4228: result: yes
configure:4228: checking for string.h
configure:4228: gcc -c -g -O2  conftest.c >&5
configure:4228: $? = 0
configure:4228: result: yes
configure:4228: checking for memory.h
configure:4228: gcc -c -g -O2  conftest.c >&5
configure:4228: $? = 0
configure:4228: result: yes
configure:4228: checking for strings.h
configure:4228: gcc -c -g -O2  conftest.c >&5
configure:4228: $? = 0
configure:4228: result: yes
configure:4228: checking for inttypes.h
configure:4228: gcc -c -g -O2  conftest.c >&5
configure:4228: $? = 0
configure:4228: result: yes
configure:4228: checking for stdint.h
configure:4228: gcc -c -g -O2  conftest.c >&5
configure:4228: $? = 0
configure:4228: result: yes
configure:4228: checking for unistd.h
configure:4228: gcc -c -g -O2  conftest.c >&5
configure:4228: $? = 0
configure:4228: result: yes
configure:4243: checking OS.h usability
configure:4243: gcc -c -g -O2  conftest.c >&5
conftest.c:54:16: fatal error: OS.h: No such file or directory
 #include <OS.h>
                ^
compilation terminated.
configure:4243: $? = 1
configure: failed program was:
| /* confdefs.h */
| #define PACKAGE_NAME "FULL-PACKAGE-NAME"
| #define PACKAGE_TARNAME "full-package-name"
| #define PACKAGE_VERSION "VERSION"
| #define PACKAGE_STRING "FULL-PACKAGE-NAME VERSION"
| #define PACKAGE_BUGREPORT "BUG-REPORT-ADDRESS"
| #define PACKAGE_URL ""
| #define PACKAGE "full-package-name"
| #define VERSION "VERSION"
| #define STDC_HEADERS 1
| #define HAVE_SYS_TYPES_H 1
| #define HAVE_SYS_STAT_H 1
| #define HAVE_STDLIB_H 1
| #define HAVE_STRING_H 1
| #define HAVE_MEMORY_H 1
| #define HAVE_STRINGS_H 1
| #define HAVE_INTTYPES_H 1
| #define HAVE_STDINT_H 1
| #define HAVE_UNISTD_H 1
| /* end confdefs.h.  */
| #include <stdio.h>
| #ifdef HAVE_SYS_TYPES_H
| # include <sys/types.h>
| #endif
| #ifdef HAVE_SYS_STAT_H
| # include <sys/stat.h>
| #endif
| #ifdef STDC_HEADERS
| # include <stdlib.h>
| # include <stddef.h>
| #else
| # ifdef HAVE_STDLIB_H
| #  include <stdlib.h>
| # endif
| #endif
| #ifdef HAVE_STRING_H
| # if !defined STDC_HEADERS && defined HAVE_MEMORY_H
| #  include <memory.h>
| # endif
| # include <string.h>
| #endif
| #ifdef HAVE_STRINGS_H
| # include <strings.h>
| #endif
| #ifdef HAVE_INTTYPES_H
| # include <inttypes.h>
| #endif
| #ifdef HAVE_STDINT_H
| # include <stdint.h>
| #endif
| #ifdef HAVE_UNISTD_H
| # include <unistd.h>
| #endif
| #include <OS.h>
configure:4243: result: no
configure:4243: checking OS.h presence
configure:4243: gcc -E  conftest.c
conftest.c:21:16: fatal error: OS.h: No such file or directory
 #include <OS.h>
                ^
compilation terminated.
configure:4243: $? = 1
configure: failed program was:
| /* confdefs.h */
| #define PACKAGE_NAME "FULL-PACKAGE-NAME"
| #define PACKAGE_TARNAME "full-package-name"
| #define PACKAGE_VERSION "VERSION"
| #define PACKAGE_STRING "FULL-PACKAGE-NAME VERSION"
| #define PACKAGE_BUGREPORT "BUG-REPORT-ADDRESS"
| #define PACKAGE_URL ""
| #define PACKAGE "full-package-name"
| #define VERSION "VERSION"
| #define STDC_HEADERS 1
| #define HAVE_SYS_TYPES_H 1
| #define HAVE_SYS_STAT_H 1
| #define HAVE_STDLIB_H 1
| #define HAVE_STRING_H 1
| #define HAVE_MEMORY_H 1
| #define HAVE_STRINGS_H 1
| #define HAVE_INTTYPES_H 1
| #define HAVE_STDINT_H 1
| #define HAVE_UNISTD_H 1
| /* end confdefs.h.  */
| #include <OS.h>
configure:4243: result: no
configure:4243: checking for OS.h
configure:4243: result: no
configure:4243: checking fcntl.h usability
configure:4243: gcc -c -g -O2  conftest.c >&5
configure:4243: $? = 0
configure:4243: result: yes
configure:4243: checking fcntl.h presence
configure:4243: gcc -E  conftest.c
configure:4243: $? = 0
configure:4243: result: yes
configure:4243: checking for fcntl.h
configure:4243: result: yes
configure:4243: checking langinfo.h usability
configure:4243: gcc -c -g -O2  conftest.c >&5
configure:4243: $? = 0
configure:4243: result: yes
configure:4243: checking langinfo.h presence
configure:4243: gcc -E  conftest.c
configure:4243: $? = 0
configure:4243: result: yes
configure:4243: checking for langinfo.h
configure:4243: result: yes
configure:4243: checking libintl.h usability
configure:4243: gcc -c -g -O2  conftest.c >&5
configure:4243: $? = 0
configure:4243: result: yes
configure:4243: checking libintl.h presence
configure:4243: gcc -E  conftest.c
configure:4243: $? = 0
configure:4243: result: yes
configure:4243: checking for libintl.h
configure:4243: result: yes
configure:4243: checking limits.h usability
configure:4243: gcc -c -g -O2  conftest.c >&5
configure:4243: $? = 0
configure:4243: result: yes
configure:4243: checking limits.h presence
configure:4243: gcc -E  conftest.c
configure:4243: $? = 0
configure:4243: result: yes
configure:4243: checking for limits.h
configure:4243: result: yes
configure:4243: checking locale.h usability
configure:4243: gcc -c -g -O2  conftest.c >&5
configure:4243: $? = 0
configure:4243: result: yes
configure:4243: checking locale.h presence
configure:4243: gcc -E  conftest.c
configure:4243: $? = 0
configure:4243: result: yes
configure:4243: checking for locale.h
configure:4243: result: yes
configure:4243: checking netdb.h usability
configure:4243: gcc -c -g -O2  conftest.c >&5
configure:4243: $? = 0
configure:4243: result: yes
configure:4243: checking netdb.h presence
configure:4243: gcc -E  conftest.c
configure:4243: $? = 0
configure:4243: result: yes
configure:4243: checking for netdb.h
configure:4243: result: yes
configure:4243: checking stddef.h usability
configure:4243: gcc -c -g -O2  conftest.c >&5
configure:4243: $? = 0
configure:4243: result: yes
configure:4243: checking stddef.h presence
configure:4243: gcc -E  conftest.c
configure:4243: $? = 0
configure:4243: result: yes
configure:4243: checking for stddef.h
configure:4243: result: yes
configure:4243: checking for stdint.h
configure:4243: result: yes
configure:4243: checking stdio_ext.h usability
configure:4243: gcc -c -g -O2  conftest.c >&5
configure:4243: $? = 0
configure:4243: result: yes
configure:4243: checking stdio_ext.h presence
configure:4243: gcc -E  conftest.c
configure:4243: $? = 0
configure:4243: result: yes
configure:4243: checking for stdio_ext.h
configure:4243: result: yes
configure:4243: checking for stdlib.h
configure:4243: result: yes
configure:4243: checking for string.h
configure:4243: result: yes
configure:4243: checking sys/param.h usability
configure:4243: gcc -c -g -O2  conftest.c >&5
configure:4243: $? = 0
configure:4243: result: yes
configure:4243: checking sys/param.h presence
configure:4243: gcc -E  conftest.c
configure:4243: $? = 0
configure:4243: result: yes
configure:4243: checking for sys/param.h
configure:4243: result: yes
configure:4243: checking for unistd.h
configure:4243: result: yes
configure:4243: checking wchar.h usability
configure:4243: gcc -c -g -O2  conftest.c >&5
configure:4243: $? = 0
configure:4243: result: yes
configure:4243: checking wchar.h presence
configure:4243: gcc -E  conftest.c
configure:4243: $? = 0
configure:4243: result: yes
configure:4243: checking for wchar.h
configure:4243: result: yes
configure:4243: checking wctype.h usability
configure:4243: gcc -c -g -O2  conftest.c >&5
configure:4243: $? = 0
configure:4243: result: yes
configure:4243: checking wctype.h presence
configure:4243: gcc -E  conftest.c
configure:4243: $? = 0
configure:4243: result: yes
configure:4243: checking for wctype.h
configure:4243: result: yes
configure:4365: checking that generated files are newer than configure
configure:4371: result: done
configure:4394: creating ./config.status

## ---------------- ##
## Cache variables. ##
## ---------------- ##

ac_cv_c_compiler_gnu=yes
ac_cv_env_CC_set=
ac_cv_env_CC_value=
ac_cv_env_CFLAGS_set=
ac_cv_env_CFLAGS_value=
ac_cv_env_CPPFLAGS_set=
ac_cv_env_CPPFLAGS_value=
ac_cv_env_CPP_set=
ac_cv_env_CPP_value=
ac_cv_env_LDFLAGS_set=
ac_cv_env_LDFLAGS_value=
ac_cv_env_LIBS_set=
ac_cv_env_LIBS_value=
ac_cv_env_build_alias_set=
ac_cv_env_build_alias_value=
ac_cv_env_host_alias_set=
ac_cv_env_host_alias_value=
ac_cv_env_target_alias_set=
ac_cv_env_target_alias_value=
ac_cv_header_OS_h=no
ac_cv_header_fcntl_h=yes
ac_cv_header_inttypes_h=yes
ac_cv_header_langinfo_h=yes
ac_cv_header_libintl_h=yes
ac_cv_header_limits_h=yes
ac_cv_header_locale_h=yes
ac_cv_header_memory_h=yes
ac_cv_header_netdb_h=yes
ac_cv_header_stdc=yes
ac_cv_header_stddef_h=yes
ac_cv_header_stdint_h=yes
ac_cv_header_stdio_ext_h=yes
ac_cv_header_stdlib_h=yes
ac_cv_header_string_h=yes
ac_cv_header_strings_h=yes
ac_cv_header_sys_param_h=yes
ac_cv_header_sys_stat_h=yes
ac_cv_header_sys_types_h=yes
ac_cv_header_unistd_h=yes
ac_cv_header_wchar_h=yes
ac_cv_header_wctype_h=yes
ac_cv_objext=o
ac_cv_path_EGREP='/usr/bin/grep -E'
ac_cv_path_GREP=/usr/bin/grep
ac_cv_path_install='/usr/bin/install -c'
ac_cv_path_mkdir=/usr/bin/mkdir
ac_cv_prog_AWK=gawk
ac_cv_prog_CPP='gcc -E'
ac_cv_prog_ac_ct_AR=ar
ac_cv_prog_ac_ct_CC=gcc
ac_cv_prog_ac_ct_RANLIB=ranlib
ac_cv_prog_cc_c89=
ac_cv_prog_cc_g=yes
ac_cv_prog_make_make_set=yes
am_cv_CC_dependencies_compiler_type=gcc3
am_cv_ar_interface=ar
am_cv_make_support_nested_variables=yes

## ----------------- ##
## Output variables. ##
## ----------------- ##

ACLOCAL='${SHELL} /home/012/j/jx/jxl173630/CS6375/Homework1/missing aclocal-1.13'
AMDEPBACKSLASH='\'
AMDEP_FALSE='#'
AMDEP_TRUE=''
AMTAR='$${TAR-tar}'
AM_BACKSLASH='\'
AM_DEFAULT_V='$(AM_DEFAULT_VERBOSITY)'
AM_DEFAULT_VERBOSITY='1'
AM_V='$(V)'
AR='ar'
AUTOCONF='${SHELL} /home/012/j/jx/jxl173630/CS6375/Homework1/missing autoconf'
AUTOHEADER='${SHELL} /home/012/j/jx/jxl173630/CS6375/Homework1/missing autoheader'
AUTOMAKE='${SHELL} /home/012/j/jx/jxl173630/CS6375/Homework1/missing automake-1.13'
AWK='gawk'
CC='gcc'
CCDEPMODE='depmode=gcc3'
CFLAGS='-g -O2'
CPP='gcc -E'
CPPFLAGS=''
CYGPATH_W='echo'
DEFS='-DHAVE_CONFIG_H'
DEPDIR='.deps'
ECHO_C=''
ECHO_N='-n'
ECHO_T=''
EGREP='/usr/bin/grep -E'
EXEEXT=''
GREP='/usr/bin/grep'
INSTALL_DATA='${INSTALL} -m 644'
INSTALL_PROGRAM='${INSTALL}'
INSTALL_SCRIPT='${INSTALL}'
INSTALL_STRIP_PROGRAM='$(install_sh) -c -s'
LDFLAGS=''
LIBOBJS=''
LIBS=''
LTLIBOBJS=''
MAKEINFO='${SHELL} /home/012/j/jx/jxl173630/CS6375/Homework1/missing makeinfo'
MKDIR_P='/usr/bin/mkdir -p'
OBJEXT='o'
PACKAGE='full-package-name'
PACKAGE_BUGREPORT='BUG-REPORT-ADDRESS'
PACKAGE_NAME='FULL-PACKAGE-NAME'
PACKAGE_STRING='FULL-PACKAGE-NAME VERSION'
PACKAGE_TARNAME='full-package-name'
PACKAGE_URL=''
PACKAGE_VERSION='VERSION'
PATH_SEPARATOR=':'
RANLIB='ranlib'
SET_MAKE=''
SHELL='/bin/sh'
STRIP=''
VERSION='VERSION'
ac_ct_AR='ar'
ac_ct_CC='gcc'
am__EXEEXT_FALSE=''
am__EXEEXT_TRUE='#'
am__fastdepCC_FALSE='#'
am__fastdepCC_TRUE=''
am__include='include'
am__isrc=''
am__leading_dot='.'
am__nodep='_no'
am__quote=''
am__tar='$${TAR-tar} chof - "$$tardir"'
am__untar='$${TAR-tar} xf -'
bindir='${exec_prefix}/bin'
build_alias=''
datadir='${datarootdir}'
datarootdir='${prefix}/share'
docdir='${datarootdir}/doc/${PACKAGE_TARNAME}'
dvidir='${docdir}'
exec_prefix='${prefix}'
host_alias=''
htmldir='${docdir}'
includedir='${prefix}/include'
infodir='${datarootdir}/info'
install_sh='${SHELL} /home/012/j/jx/jxl173630/CS6375/Homework1/install-sh'
libdir='${exec_prefix}/lib'
libexecdir='${exec_prefix}/libexec'
localedir='${datarootdir}/locale'
localstatedir='${prefix}/var'
mandir='${datarootdir}/man'
mkdir_p='$(MKDIR_P)'
oldincludedir='/usr/include'
pdfdir='${docdir}'
prefix='/usr/local'
program_transform_name='s,x,x,'
psdir='${docdir}'
sbindir='${exec_prefix}/sbin'
sharedstatedir='${prefix}/com'
sysconfdir='${prefix}/etc'
target_alias=''

## ----------- ##
## confdefs.h. ##
## ----------- ##

/* confdefs.h */
#define PACKAGE_NAME "FULL-PACKAGE-NAME"
#define PACKAGE_TARNAME "full-package-name"
#define PACKAGE_VERSION "VERSION"
#define PACKAGE_STRING "FULL-PACKAGE-NAME VERSION"
#define PACKAGE_BUGREPORT "BUG-REPORT-ADDRESS"
#define PACKAGE_URL ""
#define PACKAGE "full-package-name"
#define VERSION "VERSION"
#define STDC_HEADERS 1
#define HAVE_SYS_TYPES_H 1
#define HAVE_SYS_STAT_H 1
#define HAVE_STDLIB_H 1
#define HAVE_STRING_H 1
#define HAVE_MEMORY_H 1
#define HAVE_STRINGS_H 1
#define HAVE_INTTYPES_H 1
#define HAVE_STDINT_H 1
#define HAVE_UNISTD_H 1
#define HAVE_FCNTL_H 1
#define HAVE_LANGINFO_H 1
#define HAVE_LIBINTL_H 1
#define HAVE_LIMITS_H 1
#define HAVE_LOCALE_H 1
#define HAVE_NETDB_H 1
#define HAVE_STDDEF_H 1
#define HAVE_STDINT_H 1
#define HAVE_STDIO_EXT_H 1
#define HAVE_STDLIB_H 1
#define HAVE_STRING_H 1
#define HAVE_SYS_PARAM_H 1
#define HAVE_UNISTD_H 1
#define HAVE_WCHAR_H 1
#define HAVE_WCTYPE_H 1

configure: exit 0

## ---------------------- ##
## Running config.status. ##
## ---------------------- ##

This file was extended by FULL-PACKAGE-NAME config.status VERSION, which was
generated by GNU Autoconf 2.69.  Invocation command line was

  CONFIG_FILES    = 
  CONFIG_HEADERS  = 
  CONFIG_LINKS    = 
  CONFIG_COMMANDS = 
  $ ./config.status 

on csgrads1.utdallas.edu

config.status:871: creating Makefile
config.status:871: creating src/makefile
config.status:871: creating config.h
config.status:1052: config.h is unchanged
config.status:1100: executing depfiles commands
